<?xml version="1.0" encoding="UTF-8"?>
<!-- Generated by org.testng.reporters.JUnitReportReporter -->
<testsuite hostname="LAPTOP-SIRHIF0P" failures="0" tests="4" name="songTest" time="0.006" errors="0" timestamp="2023-08-06T10:21:12 IST" skipped="0">
  <testcase classname="songTest" name="multiUserExceedingCapacity" time="0.000"/>
  <system-out/>
  <testcase classname="songTest" name="multiUser" time="0.005"/>
  <system-out/>
  <testcase classname="songTest" name="singleUserExceedingCapacity" time="0.000"/>
  <system-out/>
  <testcase classname="songTest" name="singleUser" time="0.001"/>
  <system-out/>
</testsuite> <!-- songTest -->
